<?xml version="1.0" encoding="UTF-8"?>
<!-- Generated by org.testng.reporters.JUnitReportReporter -->
<testsuite hostname="LAPTOP-R19HC8JN" failures="0" tests="1" name="testNg.TestScript4" time="3.283" errors="0" timestamp="2025-04-03T23:32:57 IST" skipped="0">
  <testcase classname="testNg.TestScript4" name="clickOnApparelAndShoes" time="3.283">
    <system-out>
      <![CDATA[APPAREL & SHOES page is displayed]]>
    </system-out>
  </testcase> <!-- clickOnApparelAndShoes -->
  <system-out>
    <![CDATA[APPAREL & SHOES page is displayed
Electronics page is displayed
Gift Cards page is displayed
Books page is displayed
Computer page is displayed]]>
  </system-out>
</testsuite> <!-- testNg.TestScript4 -->
