<?xml version="1.0" encoding="UTF-8"?>
<!-- Generated by org.testng.reporters.JUnitReportReporter -->
<testsuite hostname="LAPTOP-R19HC8JN" failures="0" tests="1" name="testNg.Computer" time="6.323" errors="0" timestamp="2025-04-02T22:10:36 IST" skipped="0">
  <testcase classname="testNg.Computer" name="launch" time="6.323">
    <system-out>
      <![CDATA[users are able to click on computerlink]]>
    </system-out>
  </testcase> <!-- launch -->
  <system-out>
    <![CDATA[users are able to click on computerlink
users are able to click on booklink]]>
  </system-out>
</testsuite> <!-- testNg.Computer -->
