<?xml version="1.0" encoding="UTF-8"?>
<!-- Generated by org.testng.reporters.JUnitReportReporter -->
<testsuite hostname="LAPTOP-R19HC8JN" failures="0" tests="1" name="bike.Kawasaki" time="5.289" errors="0" timestamp="2025-03-29T11:38:11 IST" skipped="0">
  <testcase classname="bike.Kawasaki" name="launch" time="5.289">
    <system-out>
      <![CDATA[Kawasaki is launched]]>
    </system-out>
  </testcase> <!-- launch -->
  <system-out>
    <![CDATA[Kawasaki is launched
Bajaj is launched
yamaha is launched]]>
  </system-out>
</testsuite> <!-- bike.Kawasaki -->
