<?xml version="1.0" encoding="UTF-8"?>
<!-- Generated by org.testng.reporters.JUnitReportReporter -->
<testsuite hostname="LAPTOP-R19HC8JN" failures="0" tests="2" name="testNg.ConfigurationAnnotation" time="0.098" errors="0" timestamp="2025-04-02T11:45:01 IST" skipped="0">
  <testcase classname="testNg.ConfigurationAnnotation" name="sample" time="0.007">
    <system-out>
      <![CDATA[@Test(sample)]]>
    </system-out>
  </testcase> <!-- sample -->
  <testcase classname="testNg.ConfigurationAnnotation" name="demo" time="0.091">
    <system-out>
      <![CDATA[@Test (demo) executed]]>
    </system-out>
  </testcase> <!-- demo -->
  <system-out>
    <![CDATA[@BeforeSuite
@BeforeTest
@BeforeClass
@BeforeMethod
@Test (demo) executed
@AfterMethod
@BeforeMethod
@Test(sample)
@AfterMethod
@AfterClass
@Aftertest
@AfterSuite]]>
  </system-out>
</testsuite> <!-- testNg.ConfigurationAnnotation -->
