<?xml version="1.0" encoding="UTF-8"?>
<!-- Generated by org.testng.reporters.JUnitReportReporter -->
<testsuite hostname="LAPTOP-R19HC8JN" failures="0" tests="1" name="AssertionTESTng.LearnHardAssertion" time="7.761" errors="0" timestamp="2025-04-03T11:01:55 IST" skipped="0">
  <testcase classname="AssertionTESTng.LearnHardAssertion" name="login" time="7.761">
    <system-out>
      <![CDATA[Login page is displayed
Home page is displayed]]>
    </system-out>
  </testcase> <!-- login -->
  <system-out>
    <![CDATA[Login page is displayed
Home page is displayed]]>
  </system-out>
</testsuite> <!-- AssertionTESTng.LearnHardAssertion -->
