<?xml version="1.0" encoding="UTF-8"?>
<!-- Generated by org.testng.reporters.JUnitReportReporter -->
<testsuite hostname="LAPTOP-R19HC8JN" failures="0" tests="4" name="dataProvider.AssignmentDP" time="26.169" errors="0" timestamp="2025-04-05T10:10:06 IST" skipped="0">
  <testcase classname="dataProvider.AssignmentDP" name="register" time="6.067"/>
  <testcase classname="dataProvider.AssignmentDP" name="register" time="6.250"/>
  <testcase classname="dataProvider.AssignmentDP" name="register" time="7.653"/>
  <testcase classname="dataProvider.AssignmentDP" name="register" time="6.199"/>
</testsuite> <!-- dataProvider.AssignmentDP -->
