<?xml version="1.0" encoding="UTF-8"?>
<!-- Generated by org.testng.reporters.JUnitReportReporter -->
<testsuite hostname="LAPTOP-R19HC8JN" failures="0" tests="4" name="dataProvider.ToLearnDataProvider" time="11.476" errors="0" timestamp="2025-04-04T11:27:49 IST" skipped="0">
  <testcase classname="dataProvider.ToLearnDataProvider" name="login" time="2.471"/>
  <testcase classname="dataProvider.ToLearnDataProvider" name="login" time="2.755"/>
  <testcase classname="dataProvider.ToLearnDataProvider" name="login" time="3.467"/>
  <testcase classname="dataProvider.ToLearnDataProvider" name="login" time="2.783"/>
</testsuite> <!-- dataProvider.ToLearnDataProvider -->
