<?xml version="1.0" encoding="UTF-8"?>
<!-- Generated by org.testng.reporters.JUnitReportReporter -->
<testsuite hostname="LAPTOP-R19HC8JN" failures="0" tests="1" name="testNg.Lamborghini$Ferrari" time="3.561" errors="0" timestamp="2025-03-29T11:23:22 IST" skipped="0">
  <testcase classname="testNg.Lamborghini$Ferrari" name="launch" time="3.561">
    <system-out>
      <![CDATA[Lamborghini launched successfully]]>
    </system-out>
  </testcase> <!-- launch -->
  <system-out>
    <![CDATA[Lamborghini launched successfully
Jaguar launched successfully
MG launched successfully]]>
  </system-out>
</testsuite> <!-- testNg.Lamborghini$Ferrari -->
