<?xml version="1.0" encoding="UTF-8"?>
<!-- Generated by org.testng.reporters.JUnitReportReporter -->
<testsuite hostname="LAPTOP-R19HC8JN" failures="0" tests="1" name="testNg.TestScript" time="3.064" errors="0" timestamp="2025-04-03T23:32:57 IST" skipped="0">
  <testcase classname="testNg.TestScript" name="clickOnBooks" time="3.064">
    <system-out>
      <![CDATA[Books page is displayed]]>
    </system-out>
  </testcase> <!-- clickOnBooks -->
  <system-out>
    <![CDATA[APPAREL & SHOES page is displayed
Electronics page is displayed
Gift Cards page is displayed
Books page is displayed
Computer page is displayed]]>
  </system-out>
</testsuite> <!-- testNg.TestScript -->
