<?xml version="1.0" encoding="UTF-8"?>
<!-- Generated by org.testng.reporters.JUnitReportReporter -->
<testsuite hostname="LAPTOP-R19HC8JN" failures="0" tests="2" name="testNg.DependsOnMethods" time="8.956" errors="0" timestamp="2025-03-28T10:58:03 IST" skipped="0">
  <testcase classname="testNg.DependsOnMethods" name="register" time="4.851"/>
  <testcase classname="testNg.DependsOnMethods" name="login" time="4.105"/>
</testsuite> <!-- testNg.DependsOnMethods -->
