<?xml version="1.0" encoding="UTF-8"?>
<!-- Generated by org.testng.reporters.JUnitReportReporter -->
<testsuite hostname="LAPTOP-R19HC8JN" failures="0" tests="1" name="testNg.Audi$Ferrari" time="5.188" errors="0" timestamp="2025-03-28T11:30:15 IST" skipped="0">
  <testcase classname="testNg.Audi$Ferrari" name="launch" time="5.188">
    <system-out>
      <![CDATA[Ferrari launched successfully]]>
    </system-out>
  </testcase> <!-- launch -->
  <system-out>
    <![CDATA[Ferrari launched successfully
Ferrari launched successfully
Ferrari launched successfully
Ferrari launched successfully
Ferrari launched successfully]]>
  </system-out>
</testsuite> <!-- testNg.Audi$Ferrari -->
