<?xml version="1.0" encoding="UTF-8"?>
<!-- Generated by org.testng.reporters.JUnitReportReporter -->
<testsuite hostname="LAPTOP-R19HC8JN" failures="0" tests="1" name="testNg.TestScript1" time="2.977" errors="0" timestamp="2025-04-03T23:32:57 IST" skipped="0">
  <testcase classname="testNg.TestScript1" name="clickOnComputer" time="2.977">
    <system-out>
      <![CDATA[Computer page is displayed]]>
    </system-out>
  </testcase> <!-- clickOnComputer -->
  <system-out>
    <![CDATA[APPAREL & SHOES page is displayed
Electronics page is displayed
Gift Cards page is displayed
Books page is displayed
Computer page is displayed]]>
  </system-out>
</testsuite> <!-- testNg.TestScript1 -->
