<?xml version="1.0" encoding="UTF-8"?>
<!-- Generated by org.testng.reporters.JUnitReportReporter -->
<testsuite hostname="LAPTOP-R19HC8JN" failures="0" tests="4" name="testNg.FirstTest" time="0.018" errors="0" timestamp="2025-03-27T19:23:04 IST" skipped="0">
  <testcase classname="testNg.FirstTest" name="register" time="0.002">
    <system-out>
      <![CDATA[Welcome to Register]]>
    </system-out>
  </testcase> <!-- register -->
  <testcase classname="testNg.FirstTest" name="demo" time="0.002">
    <system-out>
      <![CDATA[Welcome to testing]]>
    </system-out>
  </testcase> <!-- demo -->
  <testcase classname="testNg.FirstTest" name="login" time="0.002">
    <system-out>
      <![CDATA[Welcome to login]]>
    </system-out>
  </testcase> <!-- login -->
  <testcase classname="testNg.FirstTest" name="add" time="0.012">
    <system-out>
      <![CDATA[Welcome to testNG]]>
    </system-out>
  </testcase> <!-- add -->
  <system-out>
    <![CDATA[Welcome to testNG
Welcome to testing
Welcome to login
Welcome to Register]]>
  </system-out>
</testsuite> <!-- testNg.FirstTest -->
