<?xml version="1.0" encoding="UTF-8"?>
<!-- Generated by org.testng.reporters.JUnitReportReporter -->
<testsuite hostname="LAPTOP-R19HC8JN" failures="0" tests="3" name="testNg.Assignment" time="0.025" errors="0" timestamp="2025-03-28T09:52:52 IST" skipped="0">
  <testcase classname="testNg.Assignment" name="account" time="0.021">
    <system-out>
      <![CDATA[Account is created]]>
    </system-out>
  </testcase> <!-- account -->
  <testcase classname="testNg.Assignment" name="editAccount" time="0.002">
    <system-out>
      <![CDATA[Account is edited]]>
    </system-out>
  </testcase> <!-- editAccount -->
  <testcase classname="testNg.Assignment" name="delAccount" time="0.002">
    <system-out>
      <![CDATA[Account is deleted]]>
    </system-out>
  </testcase> <!-- delAccount -->
  <system-out>
    <![CDATA[Account is created
Account is edited
Account is deleted]]>
  </system-out>
</testsuite> <!-- testNg.Assignment -->
