<?xml version="1.0" encoding="UTF-8"?>
<!-- Generated by org.testng.reporters.JUnitReportReporter -->
<testsuite hostname="LAPTOP-R19HC8JN" failures="0" tests="2" name="testNg.AnnotationAttributes" time="4.588" errors="0" timestamp="2025-03-28T10:47:13 IST" skipped="1">
  <testcase classname="testNg.AnnotationAttributes" name="register" time="4.588"/>
  <testcase classname="testNg.AnnotationAttributes" name="login">
    <skipped/>
  </testcase> <!-- login -->
</testsuite> <!-- testNg.AnnotationAttributes -->
