<?xml version="1.0" encoding="UTF-8"?>
<!-- Generated by org.testng.reporters.JUnitReportReporter -->
<testsuite hostname="LAPTOP-R19HC8JN" failures="0" tests="1" name="testNg.Ferrari" time="6.582" errors="0" timestamp="2025-03-30T21:22:35 IST" skipped="0">
  <testcase classname="testNg.Ferrari" name="launch" time="6.582">
    <system-out>
      <![CDATA[Ferrari launched successfully]]>
    </system-out>
  </testcase> <!-- launch -->
  <system-out>
    <![CDATA[Audi launched successfully
Ferrari launched successfully]]>
  </system-out>
</testsuite> <!-- testNg.Ferrari -->
